191.20977233273615
192.20135366910512
186.60780003070437
199.18307716582024
193.45576453224538
190.34057284749989
34.30049122577071
84.68735370393144
187.58698207186194
82.13081000884335
161.0476015890928
161.79245410832414
41.13234324816041
21.537821747676205
38.14089783678618
38.45171454898636
38.60346800691371
35.981675488636284
36.55751050577431
34.2169071281545
35.12820109645662
35.77408813717179
34.785005893582195
36.54649707643738
-4.693311420975192
-5.372830896111267
-6.813144001383989
-6.543852270761107
-7.377655407657116
-6.325843623616279
-8.336544694036775
-5.748095955757037
-8.959058044462665
-4.99128914238004
169.50536640567987
189.7888662248792
28.4691813614241
27.798598739003346
26.08417158589451
28.223985648121868
26.161900199616774
25.470437951343875
33.42464192489305
36.015179753456586
27.730879025983974
27.17862105987389
29.45923095951482
28.8973042409892
28.099825468169243
29.242468945942647
30.781850731670353
29.902314907128194
27.078959198781106
39.256079939408515
34.12719363183824
40.43895623314615
0.20709132525644236
-0.21307012398194303
0.2414499011851916
6.88803103390444
6.128809252498542
4.709946687046738
7.920310208384635
4.9828490131377805
5.843581094092755
0.011185341091824341
-22.929479208827928
-68.5069216671022
-66.08928867648379
-30.898666841316043
-72.48368610470945
-73.66728584609314
-73.09268556434708
-67.89783532360065
-43.83370869411169
-56.776372577472884
-2.202814857132225
3.0847104198892694
-9.286476990870867
-7.439993843382737
19.45815468078743
-11.734204165924112
204.9467045069242
208.0660570544042
190.47032819512467
138.12610488631492
